<?xml version="1.0" encoding="UTF-8"?>
<!-- Generated by org.testng.reporters.JUnitReportReporter -->
<testsuite hostname="HpLaptop" failures="0" tests="4" name="api.testcases.UserTest1" time="18.838" errors="0" timestamp="2024-12-05T13:48:22 IST" skipped="0">
  <testcase classname="api.testcases.UserTest1" name="testCreateUser" time="5.998"/>
  <testcase classname="api.testcases.UserTest1" name="testGetUserData" time="3.697"/>
  <testcase classname="api.testcases.UserTest1" name="testUpdateUser" time="6.741"/>
  <testcase classname="api.testcases.UserTest1" name="testDeleteUser" time="2.402"/>
</testsuite> <!-- api.testcases.UserTest1 -->
