<?xml version="1.0" encoding="UTF-8"?>
<!-- Generated by org.testng.reporters.JUnitReportReporter -->
<testsuite hostname="HpLaptop" failures="0" tests="4" name="api.testcases.UserTest" time="25.009" errors="0" timestamp="2024-12-05T10:42:36 IST" skipped="0">
  <testcase classname="api.testcases.UserTest" name="testCreateUser" time="14.004"/>
  <testcase classname="api.testcases.UserTest" name="testGetUserData" time="3.337"/>
  <testcase classname="api.testcases.UserTest" name="testUpdateUser" time="3.382"/>
  <testcase classname="api.testcases.UserTest" name="testDeleteUser" time="4.286"/>
</testsuite> <!-- api.testcases.UserTest -->
